Determining if the pthread_create exist failed with the following output:
Change Dir: /home/IN/vade9658/Documents/ExSciVis/ExSciVis2019-master/build/CMakeFiles/CMakeTmp

Run Build Command(s):/usr/bin/make cmTC_78896/fast 
/usr/bin/make -f CMakeFiles/cmTC_78896.dir/build.make CMakeFiles/cmTC_78896.dir/build
make[1]: Entering directory '/home/IN/vade9658/Documents/ExSciVis/ExSciVis2019-master/build/CMakeFiles/CMakeTmp'
Building C object CMakeFiles/cmTC_78896.dir/CheckSymbolExists.c.o
/usr/bin/cc    -o CMakeFiles/cmTC_78896.dir/CheckSymbolExists.c.o   -c /home/IN/vade9658/Documents/ExSciVis/ExSciVis2019-master/build/CMakeFiles/CMakeTmp/CheckSymbolExists.c
Linking C executable cmTC_78896
/usr/bin/cmake -E cmake_link_script CMakeFiles/cmTC_78896.dir/link.txt --verbose=1
/usr/bin/cc      -rdynamic CMakeFiles/cmTC_78896.dir/CheckSymbolExists.c.o  -o cmTC_78896 
/usr/bin/ld: CMakeFiles/cmTC_78896.dir/CheckSymbolExists.c.o: in function `main':
CheckSymbolExists.c:(.text+0x1b): undefined reference to `pthread_create'
collect2: error: ld returned 1 exit status
make[1]: *** [CMakeFiles/cmTC_78896.dir/build.make:87: cmTC_78896] Error 1
make[1]: Leaving directory '/home/IN/vade9658/Documents/ExSciVis/ExSciVis2019-master/build/CMakeFiles/CMakeTmp'
make: *** [Makefile:121: cmTC_78896/fast] Error 2

File /home/IN/vade9658/Documents/ExSciVis/ExSciVis2019-master/build/CMakeFiles/CMakeTmp/CheckSymbolExists.c:
/* */
#include <pthread.h>

int main(int argc, char** argv)
{
  (void)argv;
#ifndef pthread_create
  return ((int*)(&pthread_create))[argc];
#else
  (void)argc;
  return 0;
#endif
}

Determining if the function glXGetProcAddressEXT exists failed with the following output:
Change Dir: /home/IN/vade9658/Documents/ExSciVis/ExSciVis2019-master/build/CMakeFiles/CMakeTmp

Run Build Command(s):/usr/bin/make cmTC_363b5/fast 
/usr/bin/make -f CMakeFiles/cmTC_363b5.dir/build.make CMakeFiles/cmTC_363b5.dir/build
make[1]: Entering directory '/home/IN/vade9658/Documents/ExSciVis/ExSciVis2019-master/build/CMakeFiles/CMakeTmp'
Building C object CMakeFiles/cmTC_363b5.dir/CheckFunctionExists.c.o
/usr/bin/cc   -DCHECK_FUNCTION_EXISTS=glXGetProcAddressEXT   -o CMakeFiles/cmTC_363b5.dir/CheckFunctionExists.c.o   -c /usr/share/cmake-3.14/Modules/CheckFunctionExists.c
Linking C executable cmTC_363b5
/usr/bin/cmake -E cmake_link_script CMakeFiles/cmTC_363b5.dir/link.txt --verbose=1
/usr/bin/cc  -DCHECK_FUNCTION_EXISTS=glXGetProcAddressEXT    -rdynamic CMakeFiles/cmTC_363b5.dir/CheckFunctionExists.c.o  -o cmTC_363b5 /usr/lib/libGL.so 
/usr/bin/ld: CMakeFiles/cmTC_363b5.dir/CheckFunctionExists.c.o: in function `main':
CheckFunctionExists.c:(.text+0x10): undefined reference to `glXGetProcAddressEXT'
collect2: error: ld returned 1 exit status
make[1]: *** [CMakeFiles/cmTC_363b5.dir/build.make:88: cmTC_363b5] Error 1
make[1]: Leaving directory '/home/IN/vade9658/Documents/ExSciVis/ExSciVis2019-master/build/CMakeFiles/CMakeTmp'
make: *** [Makefile:121: cmTC_363b5/fast] Error 2


